        -:    0:Source:dominion.c
        -:    0:Graph:dominion.gcno
        -:    0:Data:dominion.gcda
        -:    0:Runs:8
        -:    0:Programs:1
        -:    1:
        -:    2:#include "dominion.h"
        -:    3:#include "dominion_helpers.h"
        -:    4:#include "rngs.h"
        -:    5:#include <stdio.h>
        -:    6:#include <math.h>
        -:    7:#include <stdlib.h>
        -:    8:
        -:    9:
        -:   10:
        -:   11:int compare(const void* a, const void* b) {
     3304:   12:  if (*(int*)a > *(int*)b)
    #####:   13:    return 1;
     3304:   14:  if (*(int*)a < *(int*)b)
     1180:   15:    return -1;
     2124:   16:  return 0;
     3304:   17:}
        -:   18:
        -:   19:
        -:   20:
        -:   21:struct gameState* newGame() {
    #####:   22:  struct gameState* g = malloc(sizeof(struct gameState));
    #####:   23:  return g;
        -:   24:}
        -:   25:
        -:   26:
        -:   27:
        -:   28:
        -:   29:
        -:   30:int* kingdomCards(int k1, int k2, int k3, int k4, int k5, int k6, int k7,
        -:   31:      int k8, int k9, int k10) {
    #####:   32:  int* k = malloc(10 * sizeof(int));
    #####:   33:  k[0] = k1;
    #####:   34:  k[1] = k2;
    #####:   35:  k[2] = k3;
    #####:   36:  k[3] = k4;
    #####:   37:  k[4] = k5;
    #####:   38:  k[5] = k6;
    #####:   39:  k[6] = k7;
    #####:   40:  k[7] = k8;
    #####:   41:  k[8] = k9;
    #####:   42:  k[9] = k10;
    #####:   43:  return k;
        -:   44:}
        -:   45:
        -:   46:int initializeGame(int numPlayers, int kingdomCards[10], int randomSeed,
        -:   47:       struct gameState *state) {
        -:   48:
        -:   49:  int i;
        -:   50:  int j;
        -:   51:  int it;     
        -:   52:  //set up random number generator
      117:   53:  SelectStream(1);
      117:   54:  PutSeed((long)randomSeed);
        -:   55:  
        -:   56:  //check number of players
      234:   57:  if (numPlayers > MAX_PLAYERS || numPlayers < 2)
        -:   58:    {
    #####:   59:      return -1;
        -:   60:    }
        -:   61:
        -:   62:  //set number of players
      117:   63:  state->numPlayers = numPlayers;
        -:   64:
        -:   65:  //check selected kingdom cards are different
     2574:   66:  for (i = 0; i < 10; i++)
        -:   67:    {
    25740:   68:      for (j = 0; j < 10; j++)
        -:   69:        {
    22230:   70:    if (j != i && kingdomCards[j] == kingdomCards[i])
        -:   71:      {
    #####:   72:        return -1;
        -:   73:      }
    11700:   74:        }
     1170:   75:    }
        -:   76:
        -:   77:
        -:   78:  //initialize supply
        -:   79:  ///////////////////////////////
        -:   80:
        -:   81:  //set number of Curse cards
      117:   82:  if (numPlayers == 2)
        -:   83:    {
      117:   84:      state->supplyCount[curse] = 10;
      117:   85:    }
    #####:   86:  else if (numPlayers == 3)
        -:   87:    {
    #####:   88:      state->supplyCount[curse] = 20;
    #####:   89:    }
        -:   90:  else
        -:   91:    {
    #####:   92:      state->supplyCount[curse] = 30;
        -:   93:    }
        -:   94:
        -:   95:  //set number of Victory cards
      117:   96:  if (numPlayers == 2)
        -:   97:    {
      117:   98:      state->supplyCount[estate] = 8;
      117:   99:      state->supplyCount[duchy] = 8;
      117:  100:      state->supplyCount[province] = 8;
      117:  101:    }
        -:  102:  else
        -:  103:    {
    #####:  104:      state->supplyCount[estate] = 12;
    #####:  105:      state->supplyCount[duchy] = 12;
    #####:  106:      state->supplyCount[province] = 12;
        -:  107:    }
        -:  108:
        -:  109:  //set number of Treasure cards
      117:  110:  state->supplyCount[copper] = 60 - (7 * numPlayers);
      117:  111:  state->supplyCount[silver] = 40;
      117:  112:  state->supplyCount[gold] = 30;
        -:  113:
        -:  114:  //set number of Kingdom cards
     4914:  115:  for (i = adventurer; i <= treasure_map; i++)        //loop all cards
        -:  116:    {
    38610:  117:      for (j = 0; j < 10; j++)              //loop chosen cards
        -:  118:  {
    18135:  119:    if (kingdomCards[j] == i)
        -:  120:      {
        -:  121:        //check if card is a 'Victory' Kingdom card
     2223:  122:        if (kingdomCards[j] == great_hall || kingdomCards[j] == gardens)
        -:  123:    {
      234:  124:      if (numPlayers == 2){ 
      234:  125:        state->supplyCount[i] = 8; 
      234:  126:      }
    #####:  127:      else{ state->supplyCount[i] = 12; }
      234:  128:    }
        -:  129:        else
        -:  130:    {
      936:  131:      state->supplyCount[i] = 10;
        -:  132:    }
     1170:  133:        break;
        -:  134:      }
        -:  135:    else    //card is not in the set choosen for the game
        -:  136:      {
    16965:  137:        state->supplyCount[i] = -1;
        -:  138:      }
    16965:  139:  }
        -:  140:
     2340:  141:    }
        -:  142:
        -:  143:  ////////////////////////
        -:  144:  //supply intilization complete
        -:  145:
        -:  146:  //set player decks
      702:  147:  for (i = 0; i < numPlayers; i++)
        -:  148:    {
      234:  149:      state->deckCount[i] = 0;
     1872:  150:      for (j = 0; j < 3; j++)
        -:  151:  {
      702:  152:    state->deck[i][j] = estate;
      702:  153:    state->deckCount[i]++;
      702:  154:  }
     3744:  155:      for (j = 3; j < 10; j++)
        -:  156:  {
     1638:  157:    state->deck[i][j] = copper;
     1638:  158:    state->deckCount[i]++;    
     1638:  159:  }
      234:  160:    }
        -:  161:
        -:  162:  //shuffle player decks
      702:  163:  for (i = 0; i < numPlayers; i++)
        -:  164:    {
      234:  165:      if ( shuffle(i, state) < 0 )
        -:  166:  {
    #####:  167:    return -1;
        -:  168:  }
      234:  169:    }
        -:  170:
        -:  171:  //draw player hands
      702:  172:  for (i = 0; i < numPlayers; i++)
        -:  173:    {  
        -:  174:      //initialize hand size to zero
      234:  175:      state->handCount[i] = 0;
      234:  176:      state->discardCount[i] = 0;
        -:  177:      //draw 5 cards
        -:  178:      // for (j = 0; j < 5; j++)
        -:  179:      //  {
        -:  180:      //    drawCard(i, state);
        -:  181:      //  }
      234:  182:    }
        -:  183:  
        -:  184:  //set embargo tokens to 0 for all supply piles
     6552:  185:  for (i = 0; i <= treasure_map; i++)
        -:  186:    {
     3159:  187:      state->embargoTokens[i] = 0;
     3159:  188:    }
        -:  189:
        -:  190:  //initialize first player's turn
      117:  191:  state->outpostPlayed = 0;
      117:  192:  state->phase = 0;
      117:  193:  state->numActions = 1;
      117:  194:  state->numBuys = 1;
      117:  195:  state->playedCardCount = 0;
      117:  196:  state->whoseTurn = 0;
      117:  197:  state->handCount[state->whoseTurn] = 0;
        -:  198:  //int it; move to top
        -:  199:
        -:  200:  //Moved draw cards to here, only drawing at the start of a turn
     1404:  201:  for (it = 0; it < 5; it++){
      585:  202:    drawCard(state->whoseTurn, state);
      585:  203:  }
        -:  204:
      117:  205:  updateCoins(state->whoseTurn, state, 0);
        -:  206:
      117:  207:  return 0;
      117:  208:}
        -:  209:
        -:  210:int shuffle(int player, struct gameState *state) {
        -:  211: 
        -:  212:
        -:  213:  int newDeck[MAX_DECK];
      237:  214:  int newDeckPos = 0;
        -:  215:  int card;
        -:  216:  int i;
        -:  217:
      237:  218:  if (state->deckCount[player] < 1)
        1:  219:    return -1;
      236:  220:  qsort ((void*)(state->deck[player]), state->deckCount[player], sizeof(int), compare); 
        -:  221:  /* SORT CARDS IN DECK TO ENSURE DETERMINISM! */
        -:  222:
     5192:  223:  while (state->deckCount[player] > 0) {
     2360:  224:    card = floor(Random() * state->deckCount[player]);
     2360:  225:    newDeck[newDeckPos] = state->deck[player][card];
     2360:  226:    newDeckPos++;
    16574:  227:    for (i = card; i < state->deckCount[player]-1; i++) {
     5927:  228:      state->deck[player][i] = state->deck[player][i+1];
     5927:  229:    }
     2360:  230:    state->deckCount[player]--;
        -:  231:  }
     5192:  232:  for (i = 0; i < newDeckPos; i++) {
     2360:  233:    state->deck[player][i] = newDeck[i];
     2360:  234:    state->deckCount[player]++;
     2360:  235:  }
        -:  236:
      236:  237:  return 0;
      237:  238:}
        -:  239:
        -:  240:int playCard(int handPos, int choice1, int choice2, int choice3, struct gameState *state) 
        -:  241:{ 
        -:  242:  int card;
    #####:  243:  int coin_bonus = 0;     //tracks coins gain from actions
        -:  244:
        -:  245:  //check if it is the right phase
    #####:  246:  if (state->phase != 0)
        -:  247:    {
    #####:  248:      return -1;
        -:  249:    }
        -:  250:  
        -:  251:  //check if player has enough actions
    #####:  252:  if ( state->numActions < 1 )
        -:  253:    {
    #####:  254:      return -1;
        -:  255:    }
        -:  256:  
        -:  257:  //get card played
    #####:  258:  card = handCard(handPos, state);
        -:  259:  
        -:  260:  //check if selected card is an action
    #####:  261:  if ( card < adventurer || card > treasure_map )
        -:  262:    {
    #####:  263:      return -1;
        -:  264:    }
        -:  265:  
        -:  266:  //play card
    #####:  267:  if ( cardEffect(card, choice1, choice2, choice3, state, handPos, &coin_bonus) < 0 )
        -:  268:    {
    #####:  269:      return -1;
        -:  270:    }
        -:  271:  
        -:  272:  //reduce number of actions
    #####:  273:  state->numActions--;
        -:  274:
        -:  275:  //update coins (Treasure cards may be added with card draws)
    #####:  276:  updateCoins(state->whoseTurn, state, coin_bonus);
        -:  277:  
    #####:  278:  return 0;
    #####:  279:}
        -:  280:
        -:  281:int buyCard(int supplyPos, struct gameState *state) {
        -:  282:  int who;
        -:  283:  if (DEBUG){
        -:  284:    printf("Entering buyCard...\n");
        -:  285:  }
        -:  286:
        -:  287:  // I don't know what to do about the phase thing.
        -:  288:
    #####:  289:  who = state->whoseTurn;
        -:  290:
    #####:  291:  if (state->numBuys < 1){
        -:  292:    if (DEBUG)
        -:  293:      printf("You do not have any buys left\n");
    #####:  294:    return -1;
    #####:  295:  } else if (supplyCount(supplyPos, state) <1){
        -:  296:    if (DEBUG)
        -:  297:      printf("There are not any of that type of card left\n");
    #####:  298:    return -1;
    #####:  299:  } else if (state->coins < getCost(supplyPos)){
        -:  300:    if (DEBUG) 
        -:  301:      printf("You do not have enough money to buy that. You have %d coins.\n", state->coins);
    #####:  302:    return -1;
        -:  303:  } else {
    #####:  304:    state->phase=1;
        -:  305:    //state->supplyCount[supplyPos]--;
    #####:  306:    gainCard(supplyPos, state, 0, who); //card goes in discard, this might be wrong.. (2 means goes into hand, 0 goes into discard)
        -:  307:  
    #####:  308:    state->coins = (state->coins) - (getCost(supplyPos));
    #####:  309:    state->numBuys--;
        -:  310:    if (DEBUG)
        -:  311:      printf("You bought card number %d for %d coins. You now have %d buys and %d coins.\n", supplyPos, getCost(supplyPos), state->numBuys, state->coins);
        -:  312:  }
        -:  313:
        -:  314:  //state->discard[who][state->discardCount[who]] = supplyPos;
        -:  315:  //state->discardCount[who]++;
        -:  316:    
    #####:  317:  return 0;
    #####:  318:}
        -:  319:
        -:  320:
        -:  321:
        -:  322:int numHandCards(struct gameState *state) {
    #####:  323:  return state->handCount[ whoseTurn(state) ];
        -:  324:}
        -:  325:
        -:  326:int handCard(int handPos, struct gameState *state) {
    #####:  327:  int currentPlayer = whoseTurn(state);
    #####:  328:  return state->hand[currentPlayer][handPos];
        -:  329:}
        -:  330:
        -:  331:int supplyCount(int card, struct gameState *state) {
        7:  332:  return state->supplyCount[card];
        -:  333:}
        -:  334:
        -:  335:int fullDeckCount(int player, int card, struct gameState *state) {
        -:  336:  int i;
    #####:  337:  int count = 0;
        -:  338:
    #####:  339:  for (i = 0; i < state->deckCount[player]; i++)
        -:  340:    {
    #####:  341:      if (state->deck[player][i] == card) count++;
    #####:  342:    }
        -:  343:
    #####:  344:  for (i = 0; i < state->handCount[player]; i++)
        -:  345:    {
    #####:  346:      if (state->hand[player][i] == card) count++;
    #####:  347:    }
        -:  348:
    #####:  349:  for (i = 0; i < state->discardCount[player]; i++)
        -:  350:    {
    #####:  351:      if (state->discard[player][i] == card) count++;
    #####:  352:    }
        -:  353:
    #####:  354:  return count;
        -:  355:}
        -:  356:
        -:  357:int whoseTurn(struct gameState *state) {
        4:  358:  return state->whoseTurn;
        -:  359:}
        -:  360:
        -:  361:
        -:  362:int endTurn(struct gameState *state) {
        -:  363:  int k;
        -:  364:  int i;
    #####:  365:  int currentPlayer = whoseTurn(state);
        -:  366:  
        -:  367:  //Discard hand
    #####:  368:  for (i = 0; i < state->handCount[currentPlayer]; i++){
    #####:  369:    state->discard[currentPlayer][state->discardCount[currentPlayer]++] = state->hand[currentPlayer][i];//Discard
    #####:  370:    state->hand[currentPlayer][i] = -1;//Set card to -1
    #####:  371:  }
    #####:  372:  state->handCount[currentPlayer] = 0;//Reset hand count
        -:  373:    
        -:  374:  //Code for determining the player
    #####:  375:  if (currentPlayer < (state->numPlayers - 1)){ 
    #####:  376:    state->whoseTurn = currentPlayer + 1;//Still safe to increment
    #####:  377:  }
        -:  378:  else{
    #####:  379:    state->whoseTurn = 0;//Max player has been reached, loop back around to player 1
        -:  380:  }
        -:  381:
    #####:  382:  state->outpostPlayed = 0;
    #####:  383:  state->phase = 0;
    #####:  384:  state->numActions = 1;
    #####:  385:  state->coins = 0;
    #####:  386:  state->numBuys = 1;
    #####:  387:  state->playedCardCount = 0;
    #####:  388:  state->handCount[state->whoseTurn] = 0;
        -:  389:
        -:  390:  //int k; move to top
        -:  391:  //Next player draws hand
    #####:  392:  for (k = 0; k < 5; k++){
    #####:  393:    drawCard(state->whoseTurn, state);//Draw a card
    #####:  394:  }
        -:  395:
        -:  396:  //Update money
    #####:  397:  updateCoins(state->whoseTurn, state , 0);
        -:  398:
    #####:  399:  return 0;
        -:  400:}
        -:  401:
        -:  402:
        -:  403:
        -:  404:
        -:  405:
        -:  406:int isGameOver(struct gameState *state) {
        -:  407:  int i;
        -:  408:  int j;
        -:  409:  
        -:  410:  //if stack of Province cards is empty, the game ends
        2:  411:  if (state->supplyCount[province] == 0)
        -:  412:    {
    #####:  413:      return 1;
        -:  414:    }
        -:  415:
        -:  416:  //if three supply pile are at 0, the game ends
        2:  417:  j = 0;
      104:  418:  for (i = 0; i < 25; i++)
        -:  419:    {
       50:  420:      if (state->supplyCount[i] == 0)
        -:  421:  {
        3:  422:    j++;
        3:  423:  }
       50:  424:    }
        2:  425:  if ( j >= 3)
        -:  426:    {
        1:  427:      return 1;
        -:  428:    }
        -:  429:
        1:  430:  return 0;
        2:  431:}
        -:  432:
        -:  433:int scoreFor (int player, struct gameState *state) {
        -:  434:
        -:  435:  int i;
    #####:  436:  int score = 0;
        -:  437:  //score from hand
    #####:  438:  for (i = 0; i < state->handCount[player]; i++)
        -:  439:    {
    #####:  440:      if (state->hand[player][i] == curse) { score = score - 1; };
    #####:  441:      if (state->hand[player][i] == estate) { score = score + 1; };
    #####:  442:      if (state->hand[player][i] == duchy) { score = score + 3; };
    #####:  443:      if (state->hand[player][i] == province) { score = score + 6; };
    #####:  444:      if (state->hand[player][i] == great_hall) { score = score + 1; };
    #####:  445:      if (state->hand[player][i] == gardens) { score = score + ( fullDeckCount(player, 0, state) / 10 ); };
    #####:  446:    }
        -:  447:
        -:  448:  //score from discard
    #####:  449:  for (i = 0; i < state->discardCount[player]; i++)
        -:  450:    {
    #####:  451:      if (state->discard[player][i] == curse) { score = score - 1; };
    #####:  452:      if (state->discard[player][i] == estate) { score = score + 1; };
    #####:  453:      if (state->discard[player][i] == duchy) { score = score + 3; };
    #####:  454:      if (state->discard[player][i] == province) { score = score + 6; };
    #####:  455:      if (state->discard[player][i] == great_hall) { score = score + 1; };
    #####:  456:      if (state->discard[player][i] == gardens) { score = score + ( fullDeckCount(player, 0, state) / 10 ); };
    #####:  457:    }
        -:  458:
        -:  459:  //score from deck
    #####:  460:  for (i = 0; i < state->discardCount[player]; i++)
        -:  461:    {
    #####:  462:      if (state->deck[player][i] == curse) { score = score - 1; };
    #####:  463:      if (state->deck[player][i] == estate) { score = score + 1; };
    #####:  464:      if (state->deck[player][i] == duchy) { score = score + 3; };
    #####:  465:      if (state->deck[player][i] == province) { score = score + 6; };
    #####:  466:      if (state->deck[player][i] == great_hall) { score = score + 1; };
    #####:  467:      if (state->deck[player][i] == gardens) { score = score + ( fullDeckCount(player, 0, state) / 10 ); };
    #####:  468:    }
        -:  469:
    #####:  470:  return score;
        -:  471:}
        -:  472:
        -:  473:
        -:  474:int getWinners(int players[MAX_PLAYERS], struct gameState *state) {
        -:  475:  int i;  
        -:  476:  int j;
        -:  477:  int highScore;
        -:  478:  int currentPlayer;
        -:  479:
        -:  480:  //get score for each player
    #####:  481:  for (i = 0; i < MAX_PLAYERS; i++)
        -:  482:    {
        -:  483:      //set unused player scores to -9999
    #####:  484:      if (i >= state->numPlayers)
        -:  485:  {
    #####:  486:    players[i] = -9999;
    #####:  487:  }
        -:  488:      else
        -:  489:  {
    #####:  490:    players[i] = scoreFor (i, state);
        -:  491:  }
    #####:  492:    }
        -:  493:
        -:  494:  //find highest score
    #####:  495:  j = 0;
    #####:  496:  for (i = 0; i < MAX_PLAYERS; i++)
        -:  497:    {
    #####:  498:      if (players[i] > players[j])
        -:  499:  {
    #####:  500:    j = i;
    #####:  501:  }
    #####:  502:    }
    #####:  503:  highScore = players[j];
        -:  504:
        -:  505:  //add 1 to players who had less turns
    #####:  506:  currentPlayer = whoseTurn(state);
    #####:  507:  for (i = 0; i < MAX_PLAYERS; i++)
        -:  508:    {
    #####:  509:      if ( players[i] == highScore && i > currentPlayer )
        -:  510:  {
    #####:  511:    players[i]++;
    #####:  512:  }
    #####:  513:    }
        -:  514:
        -:  515:  //find new highest score
    #####:  516:  j = 0;
    #####:  517:  for (i = 0; i < MAX_PLAYERS; i++)
        -:  518:    {
    #####:  519:      if ( players[i] > players[j] )
        -:  520:  {
    #####:  521:    j = i;
    #####:  522:  }
    #####:  523:    }
    #####:  524:  highScore = players[j];
        -:  525:
        -:  526:  //set winners in array to 1 and rest to 0
    #####:  527:  for (i = 0; i < MAX_PLAYERS; i++)
        -:  528:    {
    #####:  529:      if ( players[i] == highScore )
        -:  530:  {
    #####:  531:    players[i] = 1;
    #####:  532:  }
        -:  533:      else
        -:  534:  {
    #####:  535:    players[i] = 0;
        -:  536:  }
    #####:  537:    }
        -:  538:
    #####:  539:  return 0;
        -:  540:}
        -:  541:
        -:  542:
        -:  543:int drawCard(int player, struct gameState *state)
        -:  544:{ int count;
        -:  545:  int deckCounter;
      598:  546:  if (state->deckCount[player] <= 0){//Deck is empty
        -:  547:    
        -:  548:    //Step 1 Shuffle the discard pile back into a deck
        -:  549:    int i;
        -:  550:    //Move discard to deck
    #####:  551:    for (i = 0; i < state->discardCount[player];i++){
    #####:  552:      state->deck[player][i] = state->discard[player][i];
    #####:  553:      state->discard[player][i] = -1;
    #####:  554:    }
        -:  555:
    #####:  556:    state->deckCount[player] = state->discardCount[player];
    #####:  557:    state->discardCount[player] = 0;//Reset discard
        -:  558:
        -:  559:    //Shufffle the deck
    #####:  560:    shuffle(player, state);//Shuffle the deck up and make it so that we can draw
        -:  561:   
        -:  562:    if (DEBUG){//Debug statements
        -:  563:      printf("Deck count now: %d\n", state->deckCount[player]);
        -:  564:    }
        -:  565:    
    #####:  566:    state->discardCount[player] = 0;
        -:  567:
        -:  568:    //Step 2 Draw Card
    #####:  569:    count = state->handCount[player];//Get current player's hand count
        -:  570:    
        -:  571:    if (DEBUG){//Debug statements
        -:  572:      printf("Current hand count: %d\n", count);
        -:  573:    }
        -:  574:    
    #####:  575:    deckCounter = state->deckCount[player];//Create a holder for the deck count
        -:  576:
    #####:  577:    if (deckCounter == 0)
    #####:  578:      return -1;
        -:  579:
    #####:  580:    state->hand[player][count] = state->deck[player][deckCounter - 1];//Add card to hand
    #####:  581:    state->deckCount[player]--;
    #####:  582:    state->handCount[player]++;//Increment hand count
    #####:  583:  }
        -:  584:
        -:  585:  else{
      598:  586:    int count = state->handCount[player];//Get current hand count for player
        -:  587:    int deckCounter;
        -:  588:    if (DEBUG){//Debug statements
        -:  589:      printf("Current hand count: %d\n", count);
        -:  590:    }
        -:  591:
      598:  592:    deckCounter = state->deckCount[player];//Create holder for the deck count
      598:  593:    state->hand[player][count] = state->deck[player][deckCounter - 1];//Add card to the hand
      598:  594:    state->deckCount[player]--;
      598:  595:    state->handCount[player]++;//Increment hand count
        -:  596:  }
        -:  597:
      598:  598:  return 0;
      598:  599:}
        -:  600:
        -:  601:
        -:  602:
        -:  603:
        -:  604:
        -:  605:
        -:  606:
        -:  607:int getCost(int cardNumber)
        -:  608:{
        1:  609:  switch( cardNumber ) 
        -:  610:    {
        -:  611:    case curse:
        1:  612:      return 0;
        -:  613:    case estate:
    #####:  614:      return 2;
        -:  615:    case duchy:
    #####:  616:      return 5;
        -:  617:    case province:
    #####:  618:      return 8;
        -:  619:    case copper:
    #####:  620:      return 0;
        -:  621:    case silver:
    #####:  622:      return 3;
        -:  623:    case gold:
    #####:  624:      return 6;
        -:  625:
        -:  626:
        -:  627:
        -:  628:
        -:  629:
        -:  630:    case adventurer:
    #####:  631:      return 6;
        -:  632:    
        -:  633:
        -:  634:
        -:  635:
        -:  636:    case council_room:
    #####:  637:      return 5;
        -:  638:    
        -:  639:
        -:  640:
        -:  641:    case feast:
    #####:  642:      return 4;
        -:  643:    
        -:  644:
        -:  645:
        -:  646:
        -:  647:
        -:  648:    case gardens:
    #####:  649:      return 4;
        -:  650:    case mine:
    #####:  651:      return 5;
        -:  652:    case remodel:
    #####:  653:      return 4;
        -:  654:
        -:  655:
        -:  656:
        -:  657:    case smithy:
    #####:  658:      return 4;
        -:  659:    
        -:  660:
        -:  661:
        -:  662:
        -:  663:
        -:  664:
        -:  665:    case village:
    #####:  666:      return 3;
        -:  667:    case baron:
    #####:  668:      return 4;
        -:  669:    case great_hall:
    #####:  670:      return 3;
        -:  671:    case minion:
    #####:  672:      return 5;
        -:  673:    case steward:
    #####:  674:      return 3;
        -:  675:    case tribute:
    #####:  676:      return 5;
        -:  677:    case ambassador:
    #####:  678:      return 3;
        -:  679:    case cutpurse:
    #####:  680:      return 4;
        -:  681:    case embargo: 
    #####:  682:      return 2;
        -:  683:    case outpost:
    #####:  684:      return 5;
        -:  685:    case salvager:
    #####:  686:      return 4;
        -:  687:    case sea_hag:
    #####:  688:      return 4;
        -:  689:    case treasure_map:
    #####:  690:      return 4;
        -:  691:    }
        -:  692:  
    #####:  693:  return -1;
        1:  694:}
        -:  695:
        -:  696:
        -:  697:
        -:  698:
        -:  699:
        -:  700:
        -:  701:// adventurerFunction created (REFACTORING)
        -:  702:// For the function Adventure, we should add a variable, and add a 
        -:  703:// parameter to the function. We should also add a structure, and a 
        -:  704:// pointer to a given variable
        -:  705:
        -:  706:void adventurerFunction(int currentPlayer, int temphand[], int z, struct gameState *state){
        -:  707:
        -:  708:  int cardDrawn;
        1:  709:  int drawntreasure = 0;
        -:  710:
        -:  711:  // we should have 3 cards revealed from the deck instead of 2 that was originally
        -:  712:  // placed
        -:  713:
        -:  714:    // bug
        -:  715:    
        8:  716: while(drawntreasure<3){
        -:  717:  
        3:  718:  if (state->deckCount[currentPlayer] <1){//if the deck is empty we need to shuffle discard and add to deck
    #####:  719:    shuffle(currentPlayer, state);
    #####:  720:  }
        3:  721:  drawCard(currentPlayer, state);
        -:  722:  
        -:  723:
        -:  724:
        3:  725:  cardDrawn = state->hand[currentPlayer][state->handCount[currentPlayer]-1];//top card of hand is most recently drawn card.
        3:  726:  if (cardDrawn == copper || cardDrawn == silver || cardDrawn == gold)
        3:  727:    drawntreasure++;
        -:  728:  else{
    #####:  729:    temphand[z]=cardDrawn;
    #####:  730:    state->handCount[currentPlayer]--; //this should just remove the top card (the most recently drawn one).
    #####:  731:    z++;
        -:  732:  }
        -:  733:  }
        -:  734:
        -:  735:
        -:  736:    // here we omit the return 0 as it is not required as given previoulsy in the case
        2:  737:      while(z-1 >=0){
    #####:  738:        state->discard[currentPlayer][state->discardCount[currentPlayer]++]=temphand[z-1]; // discard all cards in play that have been drawn
    #####:  739:      z=z-1;
        -:  740:      }
        1:  741:    }
        -:  742:
        -:  743:
        -:  744:// FunctionSmithy created (Refactored)
        -:  745:
        -:  746:void smithyFunction(int currentPlayer, int handPos,struct gameState *state){
        -:  747:
        -:  748:   // for loop enforced in function
        -:  749:
        -:  750:    // bug detected
       10:  751:  for ( int i = 0; i<4;i++)
        -:  752:  {
        -:  753:
        4:  754:    drawCard(currentPlayer,state);
        -:  755:
        4:  756:  }
        -:  757:
        -:  758:        //discard card from hand
        1:  759:        discardCard(handPos, currentPlayer,state,0);
        -:  760:
        -:  761:        // Since void function we dont return 0
        1:  762:}
        -:  763:
        -:  764:
        -:  765:
        -:  766:// function_council_room created (refactored)
        -:  767:
        -:  768:void council_roomFunction( int currentPlayer, int handPos, struct gameState *state){
        -:  769:
        -:  770:    // bug detected
        -:  771:   
       12:  772:   for( int i = 0; i<5 ; i++)
        -:  773:    {
        -:  774:
        5:  775:      drawCard(currentPlayer,state);
        5:  776:    }
        -:  777:
        -:  778:      //+1 Buy
        1:  779:    state->numBuys++;
        -:  780:
        -:  781:
        -:  782:      //Each other player draws a card
        6:  783:      for (int i = 0; i < state->numPlayers; i++)
        -:  784:  {
        2:  785:    if ( i != currentPlayer )
        -:  786:      {
        1:  787:        drawCard(i, state);
        1:  788:      }
        2:  789:  }
        -:  790:
        -:  791:  // put played card in placed card pile
        1:  792:  discardCard(handPos,currentPlayer,state, 0);
        -:  793:
        1:  794:}
        -:  795:
        -:  796:// functionSalvager created(refactored)
        -:  797:
        -:  798:void salvagerFunction(int choice1,int handPos,int currentPlayer,struct gameState *state)
        -:  799:{
        -:  800:  
        -:  801:
        -:  802:  //+1 buy
    #####:  803:      state->numBuys++;
        -:  804:      
    #####:  805:      if (choice1)
        -:  806:  {
        -:  807:    //gain coins equal to trashed card
    #####:  808:    state->coins = state->coins + getCost( handCard(choice1, state) );
        -:  809:   
        -:  810:    //trash card
    #####:  811:    discardCard(choice1, currentPlayer, state, 1);  
    #####:  812:  }
        -:  813:      
        -:  814:      //discard card
    #####:  815:      discardCard(handPos, currentPlayer, state, 0);
        -:  816:    
    #####:  817:}
        -:  818:
        -:  819:
        -:  820:
        -:  821:
        -:  822:// outpostFunction (REFACTORED)
        -:  823:void outpostFunction(int handPos,int currentPlayer, struct gameState *state){
        -:  824:
        -:  825: //bug 
        -:  826:
        -:  827:  //set outpost flag
    #####:  828:      state->outpostPlayed++;
        -:  829:      
        -:  830:      //discard card
    #####:  831:      discardCard(handPos, currentPlayer, state, 0);
        -:  832:  
    #####:  833:}
        -:  834:
        -:  835:
        -:  836:
        -:  837:
        -:  838:
        -:  839:
        -:  840:int cardEffect(int card, int choice1, int choice2, int choice3, struct gameState *state, int handPos, int *bonus)
        -:  841:{
        -:  842:  int i;
        -:  843:  int j;
        -:  844:  int k;
        -:  845:  int x;
        -:  846:  int index;
        4:  847:  int currentPlayer = whoseTurn(state);
        4:  848:  int nextPlayer = currentPlayer + 1;
        -:  849:
        4:  850:  int tributeRevealedCards[2] = {-1, -1};
        -:  851:  int temphand[MAX_HAND];// moved above the if statement
        4:  852:  int drawntreasure=0;
        -:  853:  int cardDrawn;
        4:  854:  int z = 0;// this is the counter for the temp hand
        4:  855:  if (nextPlayer > (state->numPlayers - 1)){
    #####:  856:    nextPlayer = 0;
    #####:  857:  }
        -:  858:  
        -:  859:  
        -:  860:  //uses switch to select card and perform actions
        -:  861:  
        -:  862:
        -:  863:
        -:  864:
        4:  865:  switch( card ) 
        -:  866:    {
        -:  867:    
        -:  868:
        -:  869:
        -:  870:/*********************************************************************/
        -:  871:
        -:  872:
        -:  873:
        -:  874:
        -:  875:    case adventurer:
        -:  876:    // CALL THE FUNCTION
        1:  877:        adventurerFunction(currentPlayer,temphand,z,state);
        1:  878:        return 0; 
        -:  879:
        -:  880:
        -:  881:/*********************************************************************/
        -:  882:
        -:  883:
        -:  884:
        -:  885:// call the council_room function
        -:  886:
        -:  887:    case council_room:
        1:  888:          council_roomFunction(currentPlayer,handPos,state);
        1:  889:          return 0; 
        -:  890:
        -:  891:
        -:  892:
        -:  893:      
        -:  894:   
        -:  895:
        -:  896:
        -:  897:
        -:  898:/*********************************************************************/
        -:  899:
        -:  900:    
        -:  901:      
        -:  902:
        -:  903:
        -:  904:
        -:  905:    case feast:
        -:  906:      //gain card with cost up to 5
        -:  907:      //Backup hand
       14:  908:      for (i = 0; i <= state->handCount[currentPlayer]; i++){
        6:  909:  temphand[i] = state->hand[currentPlayer][i];//Backup card
        6:  910:  state->hand[currentPlayer][i] = -1;//Set to nothing
        6:  911:      }
        -:  912:      //Backup hand
        -:  913:
        -:  914:      //Update Coins for Buy
        1:  915:      updateCoins(currentPlayer, state, 5);
        1:  916:      x = 1;//Condition to loop on
        4:  917:      while( x == 1) {//Buy one card
        1:  918:  if (supplyCount(choice1, state) <= 0){
        -:  919:    if (DEBUG)
        -:  920:      printf("None of that card left, sorry!\n");
        -:  921:
        -:  922:    if (DEBUG){
        -:  923:      printf("Cards Left: %d\n", supplyCount(choice1, state));
        -:  924:    }
    #####:  925:  }
        1:  926:  else if (state->coins < getCost(choice1)){
    #####:  927:    printf("That card is too expensive!\n");
        -:  928:
        -:  929:    if (DEBUG){
        -:  930:      printf("Coins: %d < %d\n", state->coins, getCost(choice1));
        -:  931:    }
    #####:  932:  }
        -:  933:  else{
        -:  934:
        -:  935:    if (DEBUG){
        -:  936:      printf("Deck Count: %d\n", state->handCount[currentPlayer] + state->deckCount[currentPlayer] + state->discardCount[currentPlayer]);
        -:  937:    }
        -:  938:
        1:  939:    gainCard(choice1, state, 0, currentPlayer);//Gain the card
        1:  940:    x = 0;//No more buying cards
        -:  941:
        -:  942:    if (DEBUG){
        -:  943:      printf("Deck Count: %d\n", state->handCount[currentPlayer] + state->deckCount[currentPlayer] + state->discardCount[currentPlayer]);
        -:  944:    }
        -:  945:
        -:  946:  }
        -:  947:      }     
        -:  948:
        -:  949:      //Reset Hand
       14:  950:      for (i = 0; i <= state->handCount[currentPlayer]; i++){
        6:  951:  state->hand[currentPlayer][i] = temphand[i];
        6:  952:  temphand[i] = -1;
        6:  953:      }
        -:  954:      //Reset Hand
        -:  955:            
        1:  956:      return 0;
        -:  957:      
        -:  958:    
        -:  959:/*********************************************************************/
        -:  960:
        -:  961:
        -:  962:
        -:  963:    case gardens:
    #####:  964:      return -1;
        -:  965:      
        -:  966:   
        -:  967:/*********************************************************************/
        -:  968:
        -:  969:
        -:  970:
        -:  971:    case mine:
    #####:  972:      j = state->hand[currentPlayer][choice1];  //store card we will trash
        -:  973:
    #####:  974:      if (state->hand[currentPlayer][choice1] < copper || state->hand[currentPlayer][choice1] > gold)
        -:  975:  {
    #####:  976:    return -1;
        -:  977:  }
        -:  978:    
    #####:  979:      if (choice2 > treasure_map || choice2 < curse)
        -:  980:  {
    #####:  981:    return -1;
        -:  982:  }
        -:  983:
    #####:  984:      if ( (getCost(state->hand[currentPlayer][choice1]) + 3) > getCost(choice2) )
        -:  985:  {
    #####:  986:    return -1;
        -:  987:  }
        -:  988:
    #####:  989:      gainCard(choice2, state, 2, currentPlayer);
        -:  990:
        -:  991:      //discard card from hand
    #####:  992:      discardCard(handPos, currentPlayer, state, 0);
        -:  993:
        -:  994:      //discard trashed card
    #####:  995:      for (i = 0; i < state->handCount[currentPlayer]; i++)
        -:  996:  {
    #####:  997:    if (state->hand[currentPlayer][i] == j)
        -:  998:      {
    #####:  999:        discardCard(i, currentPlayer, state, 0);      
    #####: 1000:        break;
        -: 1001:      }
    #####: 1002:  }
        -: 1003:      
    #####: 1004:      return 0;
        -: 1005:      
        -: 1006:    /*********************************************************************/
        -: 1007:
        -: 1008:
        -: 1009:
        -: 1010:
        -: 1011:    case remodel:
    #####: 1012:      j = state->hand[currentPlayer][choice1];  //store card we will trash
        -: 1013:
    #####: 1014:      if ( (getCost(state->hand[currentPlayer][choice1]) + 2) > getCost(choice2) )
        -: 1015:  {
    #####: 1016:    return -1;
        -: 1017:  }
        -: 1018:
    #####: 1019:      gainCard(choice2, state, 0, currentPlayer);
        -: 1020:
        -: 1021:      //discard card from hand
    #####: 1022:      discardCard(handPos, currentPlayer, state, 0);
        -: 1023:
        -: 1024:      //discard trashed card
    #####: 1025:      for (i = 0; i < state->handCount[currentPlayer]; i++)
        -: 1026:  {
    #####: 1027:    if (state->hand[currentPlayer][i] == j)
        -: 1028:      {
    #####: 1029:        discardCard(i, currentPlayer, state, 0);      
    #####: 1030:        break;
        -: 1031:      }
    #####: 1032:  }
        -: 1033:
        -: 1034:
    #####: 1035:      return 0;
        -: 1036:    
        -: 1037:    
        -: 1038:
        -: 1039:
        -: 1040:
        -: 1041:
        -: 1042:
        -: 1043:/*********************************************************************/
        -: 1044:
        -: 1045:   
        -: 1046:    
        -: 1047:
        -: 1048:
        -: 1049:      case smithy:
        1: 1050:        smithyFunction(currentPlayer,handPos,state);
        1: 1051:        return 0 ; 
        -: 1052:
        -: 1053:
        -: 1054:/*********************************************************************/
        -: 1055:
        -: 1056:
        -: 1057:
        -: 1058:
        -: 1059:    case village:
        -: 1060:      //+1 Card
    #####: 1061:      drawCard(currentPlayer, state);
        -: 1062:      
        -: 1063:      //+2 Actions
    #####: 1064:      state->numActions = state->numActions + 2;
        -: 1065:      
        -: 1066:      //discard played card from hand
    #####: 1067:      discardCard(handPos, currentPlayer, state, 0);
    #####: 1068:      return 0;
        -: 1069:    
        -: 1070:
        -: 1071:
        -: 1072:/*********************************************************************/
        -: 1073:
        -: 1074:
        -: 1075:
        -: 1076:
        -: 1077:
        -: 1078:    case baron:
    #####: 1079:      state->numBuys++;//Increase buys by 1!
    #####: 1080:      if (choice1 > 0){//Boolean true or going to discard an estate
    #####: 1081:  int p = 0;//Iterator for hand!
    #####: 1082:  int card_not_discarded = 1;//Flag for discard set!
    #####: 1083:  while(card_not_discarded){
    #####: 1084:    if (state->hand[currentPlayer][p] == estate){//Found an estate card!
    #####: 1085:      state->coins += 4;//Add 4 coins to the amount of coins
    #####: 1086:      state->discard[currentPlayer][state->discardCount[currentPlayer]] = state->hand[currentPlayer][p];
    #####: 1087:      state->discardCount[currentPlayer]++;
    #####: 1088:      for (;p < state->handCount[currentPlayer]; p++){
    #####: 1089:        state->hand[currentPlayer][p] = state->hand[currentPlayer][p+1];
    #####: 1090:      }
    #####: 1091:      state->hand[currentPlayer][state->handCount[currentPlayer]] = -1;
    #####: 1092:      state->handCount[currentPlayer]--;
    #####: 1093:      card_not_discarded = 0;//Exit the loop
    #####: 1094:    }
    #####: 1095:    else if (p > state->handCount[currentPlayer]){
        -: 1096:      if(DEBUG) {
        -: 1097:        printf("No estate cards in your hand, invalid choice\n");
        -: 1098:        printf("Must gain an estate if there are any\n");
        -: 1099:      }
    #####: 1100:      if (supplyCount(estate, state) > 0){
    #####: 1101:        gainCard(estate, state, 0, currentPlayer);
    #####: 1102:        state->supplyCount[estate]--;//Decrement estates
    #####: 1103:        if (supplyCount(estate, state) == 0){
    #####: 1104:    isGameOver(state);
    #####: 1105:        }
    #####: 1106:      }
    #####: 1107:      card_not_discarded = 0;//Exit the loop
    #####: 1108:    }
        -: 1109:          
        -: 1110:    else{
    #####: 1111:      p++;//Next card
        -: 1112:    }
        -: 1113:  }
    #####: 1114:      }
        -: 1115:          
        -: 1116:      else{
    #####: 1117:  if (supplyCount(estate, state) > 0){
    #####: 1118:    gainCard(estate, state, 0, currentPlayer);//Gain an estate
    #####: 1119:    state->supplyCount[estate]--;//Decrement Estates
    #####: 1120:    if (supplyCount(estate, state) == 0){
    #####: 1121:      isGameOver(state);
    #####: 1122:    }
    #####: 1123:  }
        -: 1124:      }
        -: 1125:      
        -: 1126:      
    #####: 1127:      return 0;
        -: 1128:    
        -: 1129:    
        -: 1130:
        -: 1131:/*********************************************************************/
        -: 1132:
        -: 1133:
        -: 1134:
        -: 1135:
        -: 1136:    case great_hall:
        -: 1137:      //+1 Card
    #####: 1138:      drawCard(currentPlayer, state);
        -: 1139:      
        -: 1140:      //+1 Actions
    #####: 1141:      state->numActions++;
        -: 1142:      
        -: 1143:      //discard card from hand
    #####: 1144:      discardCard(handPos, currentPlayer, state, 0);
    #####: 1145:      return 0;
        -: 1146:    
        -: 1147:    
        -: 1148:
        -: 1149:
        -: 1150:/*********************************************************************/
        -: 1151:
        -: 1152:
        -: 1153:
        -: 1154:
        -: 1155:    case minion:
        -: 1156:      //+1 action
    #####: 1157:      state->numActions++;
        -: 1158:      
        -: 1159:      //discard card from hand
    #####: 1160:      discardCard(handPos, currentPlayer, state, 0);
        -: 1161:      
    #####: 1162:      if (choice1)    //+2 coins
        -: 1163:  {
    #####: 1164:    state->coins = state->coins + 2;
    #####: 1165:  }
        -: 1166:      
    #####: 1167:      else if (choice2)   //discard hand, redraw 4, other players with 5+ cards discard hand and draw 4
        -: 1168:  {
        -: 1169:    //discard hand
    #####: 1170:    while(numHandCards(state) > 0)
        -: 1171:      {
    #####: 1172:        discardCard(handPos, currentPlayer, state, 0);
        -: 1173:      }
        -: 1174:        
        -: 1175:    //draw 4
    #####: 1176:    for (i = 0; i < 4; i++)
        -: 1177:      {
    #####: 1178:        drawCard(currentPlayer, state);
    #####: 1179:      }
        -: 1180:        
        -: 1181:    //other players discard hand and redraw if hand size > 4
    #####: 1182:    for (i = 0; i < state->numPlayers; i++)
        -: 1183:      {
    #####: 1184:        if (i != currentPlayer)
        -: 1185:    {
    #####: 1186:      if ( state->handCount[i] > 4 )
        -: 1187:        {
        -: 1188:          //discard hand
    #####: 1189:          while( state->handCount[i] > 0 )
        -: 1190:      {
    #####: 1191:        discardCard(handPos, i, state, 0);
        -: 1192:      }
        -: 1193:              
        -: 1194:          //draw 4
    #####: 1195:          for (j = 0; j < 4; j++)
        -: 1196:      {
    #####: 1197:        drawCard(i, state);
    #####: 1198:      }
    #####: 1199:        }
    #####: 1200:    }
    #####: 1201:      }
        -: 1202:        
    #####: 1203:  }
    #####: 1204:      return 0;
        -: 1205:    
        -: 1206:   
        -: 1207:
        -: 1208:
        -: 1209:
        -: 1210:
        -: 1211:/*********************************************************************/
        -: 1212:
        -: 1213:
        -: 1214:
        -: 1215:
        -: 1216:    case steward:
    #####: 1217:      if (choice1 == 1)
        -: 1218:  {
        -: 1219:    //+2 cards
    #####: 1220:    drawCard(currentPlayer, state);
    #####: 1221:    drawCard(currentPlayer, state);
    #####: 1222:  }
    #####: 1223:      else if (choice1 == 2)
        -: 1224:  {
        -: 1225:    //+2 coins
    #####: 1226:    state->coins = state->coins + 2;
    #####: 1227:  }
        -: 1228:      else
        -: 1229:  {
        -: 1230:    //trash 2 cards in hand
    #####: 1231:    discardCard(choice2, currentPlayer, state, 1);
    #####: 1232:    discardCard(choice3, currentPlayer, state, 1);
        -: 1233:  }
        -: 1234:      
        -: 1235:      //discard card from hand
    #####: 1236:      discardCard(handPos, currentPlayer, state, 0);
    #####: 1237:      return 0;
        -: 1238:    
        -: 1239:    
        -: 1240:
        -: 1241:
        -: 1242:
        -: 1243:/**********************************************************************/
        -: 1244:
        -: 1245:
        -: 1246:
        -: 1247:
        -: 1248:
        -: 1249:
        -: 1250:
        -: 1251:
        -: 1252:    case tribute:
    #####: 1253:      if ((state->discardCount[nextPlayer] + state->deckCount[nextPlayer]) <= 1){
    #####: 1254:  if (state->deckCount[nextPlayer] > 0){
    #####: 1255:    tributeRevealedCards[0] = state->deck[nextPlayer][state->deckCount[nextPlayer]-1];
    #####: 1256:    state->deckCount[nextPlayer]--;
    #####: 1257:  }
    #####: 1258:  else if (state->discardCount[nextPlayer] > 0){
    #####: 1259:    tributeRevealedCards[0] = state->discard[nextPlayer][state->discardCount[nextPlayer]-1];
    #####: 1260:    state->discardCount[nextPlayer]--;
    #####: 1261:  }
        -: 1262:  else{
        -: 1263:    //No Card to Reveal
        -: 1264:    if (DEBUG){
        -: 1265:      printf("No cards to reveal\n");
        -: 1266:    }
        -: 1267:  }
    #####: 1268:      }
        -: 1269:      
        -: 1270:      else{
    #####: 1271:  if (state->deckCount[nextPlayer] == 0){
    #####: 1272:    for (i = 0; i < state->discardCount[nextPlayer]; i++){
    #####: 1273:      state->deck[nextPlayer][i] = state->discard[nextPlayer][i];//Move to deck
    #####: 1274:      state->deckCount[nextPlayer]++;
    #####: 1275:      state->discard[nextPlayer][i] = -1;
    #####: 1276:      state->discardCount[nextPlayer]--;
    #####: 1277:    }
        -: 1278:          
    #####: 1279:    shuffle(nextPlayer,state);//Shuffle the deck
    #####: 1280:  } 
    #####: 1281:  tributeRevealedCards[0] = state->deck[nextPlayer][state->deckCount[nextPlayer]-1];
    #####: 1282:  state->deck[nextPlayer][state->deckCount[nextPlayer]--] = -1;
    #####: 1283:  state->deckCount[nextPlayer]--;
    #####: 1284:  tributeRevealedCards[1] = state->deck[nextPlayer][state->deckCount[nextPlayer]-1];
    #####: 1285:  state->deck[nextPlayer][state->deckCount[nextPlayer]--] = -1;
    #####: 1286:  state->deckCount[nextPlayer]--;
        -: 1287:      }    
        -: 1288:           
    #####: 1289:      if (tributeRevealedCards[0] == tributeRevealedCards[1]){//If we have a duplicate card, just drop one 
    #####: 1290:  state->playedCards[state->playedCardCount] = tributeRevealedCards[1];
    #####: 1291:  state->playedCardCount++;
    #####: 1292:  tributeRevealedCards[1] = -1;
    #####: 1293:      }
        -: 1294:
    #####: 1295:      for (i = 0; i <= 2; i ++){
    #####: 1296:  if (tributeRevealedCards[i] == copper || tributeRevealedCards[i] == silver || tributeRevealedCards[i] == gold){//Treasure cards
    #####: 1297:    state->coins += 2;
    #####: 1298:  }
        -: 1299:        
    #####: 1300:  else if (tributeRevealedCards[i] == estate || tributeRevealedCards[i] == duchy || tributeRevealedCards[i] == province || tributeRevealedCards[i] == gardens || tributeRevealedCards[i] == great_hall){//Victory Card Found
    #####: 1301:    drawCard(currentPlayer, state);
    #####: 1302:    drawCard(currentPlayer, state);
    #####: 1303:  }
        -: 1304:  else{//Action Card
    #####: 1305:    state->numActions = state->numActions + 2;
        -: 1306:  }
    #####: 1307:      }
        -: 1308:      
    #####: 1309:      return 0;
        -: 1310:    
        -: 1311:   
        -: 1312:
        -: 1313:/*********************************************************************/
        -: 1314:
        -: 1315:
        -: 1316:
        -: 1317:
        -: 1318:
        -: 1319:    case ambassador:
    #####: 1320:      j = 0;    //used to check if player has enough cards to discard
        -: 1321:
    #####: 1322:      if (choice2 > 2 || choice2 < 0)
        -: 1323:  {
    #####: 1324:    return -1;        
        -: 1325:  }
        -: 1326:
    #####: 1327:      if (choice1 == handPos)
        -: 1328:  {
    #####: 1329:    return -1;
        -: 1330:  }
        -: 1331:
    #####: 1332:      for (i = 0; i < state->handCount[currentPlayer]; i++)
        -: 1333:  {
    #####: 1334:    if (i != handPos && i == state->hand[currentPlayer][choice1] && i != choice1)
        -: 1335:      {
    #####: 1336:        j++;
    #####: 1337:      }
    #####: 1338:  }
    #####: 1339:      if (j < choice2)
        -: 1340:  {
    #####: 1341:    return -1;        
        -: 1342:  }
        -: 1343:
        -: 1344:      if (DEBUG) 
        -: 1345:  printf("Player %d reveals card number: %d\n", currentPlayer, state->hand[currentPlayer][choice1]);
        -: 1346:
        -: 1347:      //increase supply count for choosen card by amount being discarded
    #####: 1348:      state->supplyCount[state->hand[currentPlayer][choice1]] += choice2;
        -: 1349:      
        -: 1350:      //each other player gains a copy of revealed card
    #####: 1351:      for (i = 0; i < state->numPlayers; i++)
        -: 1352:  {
    #####: 1353:    if (i != currentPlayer)
        -: 1354:      {
    #####: 1355:        gainCard(state->hand[currentPlayer][choice1], state, 0, i);
    #####: 1356:      }
    #####: 1357:  }
        -: 1358:
        -: 1359:      //discard played card from hand
    #####: 1360:      discardCard(handPos, currentPlayer, state, 0);      
        -: 1361:
        -: 1362:      //trash copies of cards returned to supply
    #####: 1363:      for (j = 0; j < choice2; j++)
        -: 1364:  {
    #####: 1365:    for (i = 0; i < state->handCount[currentPlayer]; i++)
        -: 1366:      {
    #####: 1367:        if (state->hand[currentPlayer][i] == state->hand[currentPlayer][choice1])
        -: 1368:    {
    #####: 1369:      discardCard(i, currentPlayer, state, 1);
    #####: 1370:      break;
        -: 1371:    }
    #####: 1372:      }
    #####: 1373:  }     
        -: 1374:
    #####: 1375:      return 0;
        -: 1376:    
        -: 1377:   
        -: 1378:
        -: 1379:/********************************/
        -: 1380:
        -: 1381:
        -: 1382:
        -: 1383:
        -: 1384:
        -: 1385:
        -: 1386:    case cutpurse:
        -: 1387:
    #####: 1388:      updateCoins(currentPlayer, state, 2);
    #####: 1389:      for (i = 0; i < state->numPlayers; i++)
        -: 1390:  {
    #####: 1391:    if (i != currentPlayer)
        -: 1392:      {
    #####: 1393:        for (j = 0; j < state->handCount[i]; j++)
        -: 1394:    {
    #####: 1395:      if (state->hand[i][j] == copper)
        -: 1396:        {
    #####: 1397:          discardCard(j, i, state, 0);
    #####: 1398:          break;
        -: 1399:        }
    #####: 1400:      if (j == state->handCount[i])
        -: 1401:        {
    #####: 1402:          for (k = 0; k < state->handCount[i]; k++)
        -: 1403:      {
        -: 1404:        if (DEBUG)
        -: 1405:          printf("Player %d reveals card number %d\n", i, state->hand[i][k]);
    #####: 1406:      } 
    #####: 1407:          break;
        -: 1408:        }   
    #####: 1409:    }
        -: 1410:          
    #####: 1411:      }
        -: 1412:        
    #####: 1413:  }       
        -: 1414:
        -: 1415:      //discard played card from hand
    #####: 1416:      discardCard(handPos, currentPlayer, state, 0);      
        -: 1417:
    #####: 1418:      return 0;
        -: 1419:
        -: 1420:    
        -: 1421:    
        -: 1422:
        -: 1423:
        -: 1424:/********************************/
        -: 1425:
        -: 1426:
        -: 1427:
        -: 1428:
        -: 1429:
        -: 1430:
        -: 1431:
        -: 1432:
        -: 1433:
        -: 1434:    case embargo: 
        -: 1435:      //+2 Coins
    #####: 1436:      state->coins = state->coins + 2;
        -: 1437:      
        -: 1438:      //see if selected pile is in play
    #####: 1439:      if ( state->supplyCount[choice1] == -1 )
        -: 1440:  {
    #####: 1441:    return -1;
        -: 1442:  }
        -: 1443:      
        -: 1444:
    #####: 1445:       state->embargoTokens[choice1]++;
        -: 1446:      
        -: 1447:      //trash card
    #####: 1448:      discardCard(handPos, currentPlayer, state, 1);    
    #####: 1449:      return 0;
        -: 1450:    
        -: 1451:
        -: 1452:/********************************/
        -: 1453:
        -: 1454:
        -: 1455:   
        -: 1456:
        -: 1457:      
        -: 1458:
        -: 1459:
        -: 1460:
        -: 1461:      // call outpost function 
        -: 1462:      case outpost:
    #####: 1463:      outpostFunction(currentPlayer,handPos,state);
    #####: 1464:      return 0;
        -: 1465:
        -: 1466:
        -: 1467:
        -: 1468:/********************************/
        -: 1469:
        -: 1470:
        -: 1471:
        -: 1472:
        -: 1473:      // call salvegerFunction
        -: 1474:      case salvager:
    #####: 1475:      salvagerFunction(currentPlayer,handPos,choice1,state);
    #####: 1476:      return 0 ;
        -: 1477:
        -: 1478:
        -: 1479:
        -: 1480:
        -: 1481:
        -: 1482:  /********************************/
        -: 1483:
        -: 1484:
        -: 1485:
        -: 1486:
        -: 1487:    
        -: 1488:
        -: 1489:
        -: 1490:
        -: 1491:
        -: 1492:
        -: 1493:    case sea_hag:
    #####: 1494:      for (i = 0; i < state->numPlayers; i++){
    #####: 1495:  if (i != currentPlayer){
    #####: 1496:    state->discard[i][state->discardCount[i]] = state->deck[i][state->deckCount[i]--];          state->deckCount[i]--;
    #####: 1497:    state->discardCount[i]++;
    #####: 1498:    state->deck[i][state->deckCount[i]--] = curse;//Top card now a curse
    #####: 1499:  }
    #####: 1500:      }
    #####: 1501:      return 0;
        -: 1502:    
        -: 1503:   
        -: 1504:
        -: 1505:
        -: 1506:/********************************/
        -: 1507:
        -: 1508:
        -: 1509:
        -: 1510:
        -: 1511:    case treasure_map:
        -: 1512:      //search hand for another treasure_map
    #####: 1513:      index = -1;
    #####: 1514:      for (i = 0; i < state->handCount[currentPlayer]; i++)
        -: 1515:  {
    #####: 1516:    if (state->hand[currentPlayer][i] == treasure_map && i != handPos)
        -: 1517:      {
    #####: 1518:        index = i;
    #####: 1519:        break;
        -: 1520:      }
    #####: 1521:  }
    #####: 1522:      if (index > -1)
        -: 1523:  {
        -: 1524:    //trash both treasure cards
    #####: 1525:    discardCard(handPos, currentPlayer, state, 1);
    #####: 1526:    discardCard(index, currentPlayer, state, 1);
        -: 1527:
        -: 1528:    //gain 4 Gold cards
    #####: 1529:    for (i = 0; i < 4; i++)
        -: 1530:      {
    #####: 1531:        gainCard(gold, state, 1, currentPlayer);
    #####: 1532:      }
        -: 1533:        
        -: 1534:    //return success
    #####: 1535:    return 1;
        -: 1536:  }
        -: 1537:      
        -: 1538:      //no second treasure_map found in hand
    #####: 1539:      return -1;
        -: 1540:    }
        -: 1541:  
    #####: 1542:  return -1;
        4: 1543:}
        -: 1544:
        -: 1545:/********************************/
        -: 1546:
        -: 1547:
        -: 1548:
        -: 1549:
        -: 1550:
        -: 1551:
        -: 1552:int discardCard(int handPos, int currentPlayer, struct gameState *state, int trashFlag)
        -: 1553:{
        -: 1554:  
        -: 1555:  //if card is not trashed, added to Played pile 
        2: 1556:  if (trashFlag < 1)
        -: 1557:    {
        -: 1558:      //add card to played pile
        2: 1559:      state->playedCards[state->playedCardCount] = state->hand[currentPlayer][handPos]; 
        2: 1560:      state->playedCardCount++;
        2: 1561:    }
        -: 1562:  
        -: 1563:  //set played card to -1
        2: 1564:  state->hand[currentPlayer][handPos] = -1;
        -: 1565:  
        -: 1566:  //remove card from player's hand
        2: 1567:  if ( handPos == (state->handCount[currentPlayer] - 1) )   //last card in hand array is played
        -: 1568:    {
        -: 1569:      //reduce number of cards in hand
    #####: 1570:      state->handCount[currentPlayer]--;
    #####: 1571:    }
        2: 1572:  else if ( state->handCount[currentPlayer] == 1 ) //only one card in hand
        -: 1573:    {
        -: 1574:      //reduce number of cards in hand
    #####: 1575:      state->handCount[currentPlayer]--;
    #####: 1576:    }
        -: 1577:  else  
        -: 1578:    {
        -: 1579:      //replace discarded card with last card in hand
        2: 1580:      state->hand[currentPlayer][handPos] = state->hand[currentPlayer][ (state->handCount[currentPlayer] - 1)];
        -: 1581:      //set last card to -1
        2: 1582:      state->hand[currentPlayer][state->handCount[currentPlayer] - 1] = -1;
        -: 1583:      //reduce number of cards in hand
        2: 1584:      state->handCount[currentPlayer]--;
        -: 1585:    }
        -: 1586:  
        2: 1587:  return 0;
        -: 1588:}
        -: 1589:
        -: 1590:
        -: 1591:
        -: 1592:int gainCard(int supplyPos, struct gameState *state, int toFlag, int player)
        -: 1593:{
        -: 1594:  //Note: supplyPos is enum of choosen card
        -: 1595:  
        -: 1596:  //check if supply pile is empty (0) or card is not used in game (-1)
        6: 1597:  if ( supplyCount(supplyPos, state) < 1 )
        -: 1598:    {
        1: 1599:      return -1;
        -: 1600:    }
        -: 1601:  
        -: 1602:  //added card for [whoseTurn] current player:
        -: 1603:  // toFlag = 0 : add to discard
        -: 1604:  // toFlag = 1 : add to deck
        -: 1605:  // toFlag = 2 : add to hand
        -: 1606:
        5: 1607:  if (toFlag == 1)
        -: 1608:    {
        1: 1609:      state->deck[ player ][ state->deckCount[player] ] = supplyPos;
        1: 1610:      state->deckCount[player]++;
        1: 1611:    }
        4: 1612:  else if (toFlag == 2)
        -: 1613:    {
        1: 1614:      state->hand[ player ][ state->handCount[player] ] = supplyPos;
        1: 1615:      state->handCount[player]++;
        1: 1616:    }
        -: 1617:  else
        -: 1618:    {
        3: 1619:      state->discard[player][ state->discardCount[player] ] = supplyPos;
        3: 1620:      state->discardCount[player]++;
        -: 1621:    }
        -: 1622:  
        -: 1623:  //decrease number in supply pile
        5: 1624:  state->supplyCount[supplyPos]--;
        -: 1625:   
        5: 1626:  return 0;
        6: 1627:}
        -: 1628:
        -: 1629:
        -: 1630:
        -: 1631:int updateCoins(int player, struct gameState *state, int bonus)
        -: 1632:{
        -: 1633:  int i;
        -: 1634:  
        -: 1635:  //reset coin count
      448: 1636:  state->coins = 0;
        -: 1637:
        -: 1638:  //add coins for each Treasure card in player's hand
     4056: 1639:  for (i = 0; i < state->handCount[player]; i++)
        -: 1640:    {
     1580: 1641:      if (state->hand[player][i] == copper)
        -: 1642:  {
      798: 1643:    state->coins += 1;
      798: 1644:  }
      782: 1645:      else if (state->hand[player][i] == silver)
        -: 1646:  {
      330: 1647:    state->coins += 2;
      330: 1648:  }
      452: 1649:      else if (state->hand[player][i] == gold)
        -: 1650:  {
      330: 1651:    state->coins += 3;
      330: 1652:  } 
     1580: 1653:    } 
        -: 1654:
        -: 1655:  //add bonus
      448: 1656:  state->coins += bonus;
        -: 1657:
      448: 1658:  return 0;
        -: 1659:}
        -: 1660:
        -: 1661:
        -: 1662://end of dominion.c
        -: 1663:
