        -:    0:Source:unittest1.c
        -:    0:Graph:unittest1.gcno
        -:    0:Data:unittest1.gcda
        -:    0:Runs:1
        -:    0:Programs:1
        -:    1:#include "dominion.h"
        -:    2:#include "dominion_helpers.h"
        -:    3:#include "rngs.h"
        -:    4:#include <assert.h>
        -:    5:#include <stdio.h>
        -:    6:#include <math.h>
        -:    7:#include <stdlib.h>
        -:    8:#include <string.h>
        -:    9:
        -:   10:// verify the test
        -:   11:int counterVariable = 0 ; 
        -:   12:
        -:   13:
        -:   14:// assertTrue function to collect coverage
function assertTrueFunction called 3 returned 100% blocks executed 80%
        -:   15:void assertTrueFunction(int x, int y){
        -:   16:
        3:   17:    if (x == y){
branch  0 taken 100%
branch  1 taken 0%
        3:   18:        printf("Test: PASSED\n" );
        3:   19:    }
        -:   20:
        -:   21:
        -:   22:    else {
    #####:   23:        printf("Test: FAILED" );
        -:   24:  
    #####:   25:    counterVariable++; 
        -:   26:}
        -:   27:
        3:   28:}
        -:   29:
        -:   30:
        -:   31:// main driver to test out the function
        -:   32:
function main called 1 returned 100% blocks executed 75%
        -:   33:int main(){
        -:   34:
        -:   35:	int player; 
        -:   36:	
        1:   37:	int numPlayers = 2;
        -:   38:
        -:   39:	// the kingdom cards
        1:   40:	int k[10] = {adventurer, council_room, feast, gardens, mine
        -:   41:               , remodel, smithy, village, baron, great_hall};
        -:   42:
        -:   43:
        -:   44:     struct gameState G;
        1:   45:     int seed = 2000;
        -:   46:
        1:   47:     printf ("TESTING shuffle():\n");
        -:   48:	
        1:   49:     memset(&G,23,sizeof(struct gameState));   // clear the game state
        -:   50:	
        1:   51:     initializeGame(numPlayers,k, seed, &G);
        -:   52:     
        1:   53:     G.deckCount[player] = 0; 
        -:   54:	
        1:   55:     printf("\nPlayer deck count = 0\n");
        -:   56:    
        1:   57:     assertTrueFunction(shuffle(player,&G),-1);
        -:   58:	 
        -:   59:
        -:   60:     
        1:   61:	printf("\n The player decks is 10 previously and post shuffle\n");
        -:   62:	
        1:   63:    G.deckCount[player] = 10; 
        -:   64:	
        1:   65:    shuffle(player,&G);
        -:   66:   
        1:   67:    assertTrueFunction(G.deckCount[player],10); 
        -:   68:
        -:   69:   	
        1:   70:   	 printf("\n The cards have been shuffled\n");
        -:   71:     
        1:   72:     int before_shuffledCard = G.deck[player][0];
        -:   73:     
        1:   74:     shuffle(player,&G);
        -:   75:     
        1:   76:     int after_suffledCard = G.deck[player][0];
        -:   77:
        1:   78:     if(before_shuffledCard != after_suffledCard){
branch  0 taken 100%
branch  1 taken 0%
        -:   79:
        1:   80:     	assertTrueFunction(1,1);
        1:   81:     }
        -:   82:
        -:   83:     else {
    #####:   84:     			assertTrueFunction(0,1);
        -:   85:     }
        -:   86:
        -:   87:
        -:   88:
        1:   89:     if (counterVariable){
branch  0 taken 0%
branch  1 taken 100%
        -:   90:
    #####:   91:     	printf("\nTest: Test Failed\n");
    #####:   92:     	printf("Test: Test Failed %d\n",counterVariable);
        -:   93:     
    #####:   94:     }
        -:   95:
        -:   96:     else {
        1:   97:     	printf("\nTest: Test passed\n\n");
        -:   98:     }
        -:   99:
        -:  100:
        1:  101:     return 0 ; 
        -:  102:
        -:  103:
        -:  104:
        -:  105:
        -:  106:
        -:  107:
        -:  108:
        -:  109:}
